2020-03-31 11:27:01.908  INFO 46012 --- [main] h.s.springboot.SpringbootApplication     : Starting SpringbootApplication on Hansol9ui-MacBookPro-2.local with PID 46012 (started by hansol9 in /Users/hansol9/Desktop/01. Github/11.SpringBoot)
2020-03-31 11:27:01.910  INFO 46012 --- [main] h.s.springboot.SpringbootApplication     : The following profiles are active: test
2020-03-31 11:27:02.481  INFO 46012 --- [main] o.s.b.w.embedded.tomcat.TomcatWebServer  : Tomcat initialized with port(s): 8080 (http)
2020-03-31 11:27:02.488  INFO 46012 --- [main] o.apache.catalina.core.StandardService   : Starting service [Tomcat]
2020-03-31 11:27:02.489  INFO 46012 --- [main] org.apache.catalina.core.StandardEngine  : Starting Servlet engine: [Apache Tomcat/9.0.31]
2020-03-31 11:27:02.540  INFO 46012 --- [main] o.a.c.c.C.[Tomcat].[localhost].[/]       : Initializing Spring embedded WebApplicationContext
2020-03-31 11:27:02.540  INFO 46012 --- [main] o.s.web.context.ContextLoader            : Root WebApplicationContext: initialization completed in 596 ms
2020-03-31 11:27:02.749  INFO 46012 --- [main] o.s.s.concurrent.ThreadPoolTaskExecutor  : Initializing ExecutorService 'applicationTaskExecutor'
2020-03-31 11:27:02.876  INFO 46012 --- [main] o.s.b.w.embedded.tomcat.TomcatWebServer  : Tomcat started on port(s): 8080 (http) with context path ''
2020-03-31 11:27:02.879  INFO 46012 --- [main] h.s.springboot.SpringbootApplication     : Started SpringbootApplication in 1.238 seconds (JVM running for 2.048)
2020-03-31 11:28:24.603  INFO 46012 --- [SpringContextShutdownHook] o.s.s.concurrent.ThreadPoolTaskExecutor  : Shutting down ExecutorService 'applicationTaskExecutor'
2020-03-31 11:33:24.617  INFO 46439 --- [main] h.s.springboot.SpringbootApplication     : Starting SpringbootApplication on Hansol9ui-MacBookPro-2.local with PID 46439 (started by hansol9 in /Users/hansol9/Desktop/01. Github/11.SpringBoot)
2020-03-31 11:33:24.618 DEBUG 46439 --- [main] h.s.springboot.SpringbootApplication     : Running with Spring Boot v2.2.5.RELEASE, Spring v5.2.4.RELEASE
2020-03-31 11:33:24.619  INFO 46439 --- [main] h.s.springboot.SpringbootApplication     : The following profiles are active: test
2020-03-31 11:33:25.253  INFO 46439 --- [main] o.s.b.w.embedded.tomcat.TomcatWebServer  : Tomcat initialized with port(s): 8080 (http)
2020-03-31 11:33:25.260  INFO 46439 --- [main] o.apache.catalina.core.StandardService   : Starting service [Tomcat]
2020-03-31 11:33:25.260  INFO 46439 --- [main] org.apache.catalina.core.StandardEngine  : Starting Servlet engine: [Apache Tomcat/9.0.31]
2020-03-31 11:33:25.310  INFO 46439 --- [main] o.a.c.c.C.[Tomcat].[localhost].[/]       : Initializing Spring embedded WebApplicationContext
2020-03-31 11:33:25.310  INFO 46439 --- [main] o.s.web.context.ContextLoader            : Root WebApplicationContext: initialization completed in 650 ms
2020-03-31 11:33:25.338  WARN 46439 --- [main] ConfigServletWebServerApplicationContext : Exception encountered during context initialization - cancelling refresh attempt: org.springframework.beans.factory.BeanCreationException: Error creating bean with name 'applicationRunnerExample' defined in file [/Users/hansol9/Desktop/01. Github/11.SpringBoot/target/classes/hansol9/study/springboot/ApplicationRunnerExample.class]: Instantiation of bean failed; nested exception is org.springframework.beans.BeanInstantiationException: Failed to instantiate [hansol9.study.springboot.ApplicationRunnerExample]: Constructor threw exception; nested exception is java.lang.ClassCastException: class ch.qos.logback.classic.Logger cannot be cast to class java.util.logging.Logger (ch.qos.logback.classic.Logger is in unnamed module of loader 'app'; java.util.logging.Logger is in module java.logging of loader 'bootstrap')
2020-03-31 11:33:25.339  INFO 46439 --- [main] o.apache.catalina.core.StandardService   : Stopping service [Tomcat]
2020-03-31 11:33:25.349  INFO 46439 --- [main] ConditionEvaluationReportLoggingListener : 

Error starting ApplicationContext. To display the conditions report re-run your application with 'debug' enabled.
2020-03-31 11:33:25.356 ERROR 46439 --- [main] o.s.boot.SpringApplication               : Application run failed

org.springframework.beans.factory.BeanCreationException: Error creating bean with name 'applicationRunnerExample' defined in file [/Users/hansol9/Desktop/01. Github/11.SpringBoot/target/classes/hansol9/study/springboot/ApplicationRunnerExample.class]: Instantiation of bean failed; nested exception is org.springframework.beans.BeanInstantiationException: Failed to instantiate [hansol9.study.springboot.ApplicationRunnerExample]: Constructor threw exception; nested exception is java.lang.ClassCastException: class ch.qos.logback.classic.Logger cannot be cast to class java.util.logging.Logger (ch.qos.logback.classic.Logger is in unnamed module of loader 'app'; java.util.logging.Logger is in module java.logging of loader 'bootstrap')
	at org.springframework.beans.factory.support.AbstractAutowireCapableBeanFactory.instantiateBean(AbstractAutowireCapableBeanFactory.java:1320) ~[spring-beans-5.2.4.RELEASE.jar:5.2.4.RELEASE]
	at org.springframework.beans.factory.support.AbstractAutowireCapableBeanFactory.createBeanInstance(AbstractAutowireCapableBeanFactory.java:1214) ~[spring-beans-5.2.4.RELEASE.jar:5.2.4.RELEASE]
	at org.springframework.beans.factory.support.AbstractAutowireCapableBeanFactory.doCreateBean(AbstractAutowireCapableBeanFactory.java:557) ~[spring-beans-5.2.4.RELEASE.jar:5.2.4.RELEASE]
	at org.springframework.beans.factory.support.AbstractAutowireCapableBeanFactory.createBean(AbstractAutowireCapableBeanFactory.java:517) ~[spring-beans-5.2.4.RELEASE.jar:5.2.4.RELEASE]
	at org.springframework.beans.factory.support.AbstractBeanFactory.lambda$doGetBean$0(AbstractBeanFactory.java:323) ~[spring-beans-5.2.4.RELEASE.jar:5.2.4.RELEASE]
	at org.springframework.beans.factory.support.DefaultSingletonBeanRegistry.getSingleton(DefaultSingletonBeanRegistry.java:222) ~[spring-beans-5.2.4.RELEASE.jar:5.2.4.RELEASE]
	at org.springframework.beans.factory.support.AbstractBeanFactory.doGetBean(AbstractBeanFactory.java:321) ~[spring-beans-5.2.4.RELEASE.jar:5.2.4.RELEASE]
	at org.springframework.beans.factory.support.AbstractBeanFactory.getBean(AbstractBeanFactory.java:202) ~[spring-beans-5.2.4.RELEASE.jar:5.2.4.RELEASE]
	at org.springframework.beans.factory.support.DefaultListableBeanFactory.preInstantiateSingletons(DefaultListableBeanFactory.java:879) ~[spring-beans-5.2.4.RELEASE.jar:5.2.4.RELEASE]
	at org.springframework.context.support.AbstractApplicationContext.finishBeanFactoryInitialization(AbstractApplicationContext.java:878) ~[spring-context-5.2.4.RELEASE.jar:5.2.4.RELEASE]
	at org.springframework.context.support.AbstractApplicationContext.refresh(AbstractApplicationContext.java:550) ~[spring-context-5.2.4.RELEASE.jar:5.2.4.RELEASE]
	at org.springframework.boot.web.servlet.context.ServletWebServerApplicationContext.refresh(ServletWebServerApplicationContext.java:141) ~[spring-boot-2.2.5.RELEASE.jar:2.2.5.RELEASE]
	at org.springframework.boot.SpringApplication.refresh(SpringApplication.java:747) ~[spring-boot-2.2.5.RELEASE.jar:2.2.5.RELEASE]
	at org.springframework.boot.SpringApplication.refreshContext(SpringApplication.java:397) ~[spring-boot-2.2.5.RELEASE.jar:2.2.5.RELEASE]
	at org.springframework.boot.SpringApplication.run(SpringApplication.java:315) ~[spring-boot-2.2.5.RELEASE.jar:2.2.5.RELEASE]
	at hansol9.study.springboot.SpringbootApplication.main(SpringbootApplication.java:87) ~[classes/:na]
Caused by: org.springframework.beans.BeanInstantiationException: Failed to instantiate [hansol9.study.springboot.ApplicationRunnerExample]: Constructor threw exception; nested exception is java.lang.ClassCastException: class ch.qos.logback.classic.Logger cannot be cast to class java.util.logging.Logger (ch.qos.logback.classic.Logger is in unnamed module of loader 'app'; java.util.logging.Logger is in module java.logging of loader 'bootstrap')
	at org.springframework.beans.BeanUtils.instantiateClass(BeanUtils.java:216) ~[spring-beans-5.2.4.RELEASE.jar:5.2.4.RELEASE]
	at org.springframework.beans.factory.support.SimpleInstantiationStrategy.instantiate(SimpleInstantiationStrategy.java:87) ~[spring-beans-5.2.4.RELEASE.jar:5.2.4.RELEASE]
	at org.springframework.beans.factory.support.AbstractAutowireCapableBeanFactory.instantiateBean(AbstractAutowireCapableBeanFactory.java:1312) ~[spring-beans-5.2.4.RELEASE.jar:5.2.4.RELEASE]
	... 15 common frames omitted
Caused by: java.lang.ClassCastException: class ch.qos.logback.classic.Logger cannot be cast to class java.util.logging.Logger (ch.qos.logback.classic.Logger is in unnamed module of loader 'app'; java.util.logging.Logger is in module java.logging of loader 'bootstrap')
	at hansol9.study.springboot.ApplicationRunnerExample.<init>(ApplicationRunnerExample.java:24) ~[classes/:na]
	at java.base/jdk.internal.reflect.NativeConstructorAccessorImpl.newInstance0(Native Method) ~[na:na]
	at java.base/jdk.internal.reflect.NativeConstructorAccessorImpl.newInstance(NativeConstructorAccessorImpl.java:62) ~[na:na]
	at java.base/jdk.internal.reflect.DelegatingConstructorAccessorImpl.newInstance(DelegatingConstructorAccessorImpl.java:45) ~[na:na]
	at java.base/java.lang.reflect.Constructor.newInstance(Constructor.java:490) ~[na:na]
	at org.springframework.beans.BeanUtils.instantiateClass(BeanUtils.java:203) ~[spring-beans-5.2.4.RELEASE.jar:5.2.4.RELEASE]
	... 17 common frames omitted

2020-03-31 11:38:01.214  INFO 46787 --- [main] h.s.springboot.SpringbootApplication     : Starting SpringbootApplication on Hansol9ui-MacBookPro-2.local with PID 46787 (started by hansol9 in /Users/hansol9/Desktop/01. Github/11.SpringBoot)
2020-03-31 11:38:01.216 DEBUG 46787 --- [main] h.s.springboot.SpringbootApplication     : Running with Spring Boot v2.2.5.RELEASE, Spring v5.2.4.RELEASE
2020-03-31 11:38:01.217  INFO 46787 --- [main] h.s.springboot.SpringbootApplication     : The following profiles are active: test
2020-03-31 11:38:02.057  INFO 46787 --- [main] o.s.b.w.embedded.tomcat.TomcatWebServer  : Tomcat initialized with port(s): 8080 (http)
2020-03-31 11:38:02.068  INFO 46787 --- [main] o.apache.catalina.core.StandardService   : Starting service [Tomcat]
2020-03-31 11:38:02.068  INFO 46787 --- [main] org.apache.catalina.core.StandardEngine  : Starting Servlet engine: [Apache Tomcat/9.0.31]
2020-03-31 11:38:02.141  INFO 46787 --- [main] o.a.c.c.C.[Tomcat].[localhost].[/]       : Initializing Spring embedded WebApplicationContext
2020-03-31 11:38:02.141  INFO 46787 --- [main] o.s.web.context.ContextLoader            : Root WebApplicationContext: initialization completed in 888 ms
2020-03-31 11:38:02.388  INFO 46787 --- [main] o.s.s.concurrent.ThreadPoolTaskExecutor  : Initializing ExecutorService 'applicationTaskExecutor'
2020-03-31 11:38:02.535  INFO 46787 --- [main] o.s.b.w.embedded.tomcat.TomcatWebServer  : Tomcat started on port(s): 8080 (http) with context path ''
2020-03-31 11:38:02.538  INFO 46787 --- [main] h.s.springboot.SpringbootApplication     : Started SpringbootApplication in 1.614 seconds (JVM running for 2.412)
2020-03-31 11:38:02.539  INFO 46787 --- [main] h.s.springboot.ApplicationRunnerExample  : ===================================
2020-03-31 11:38:02.539  INFO 46787 --- [main] h.s.springboot.ApplicationRunnerExample  : Application Runner!!!
2020-03-31 11:38:02.539  INFO 46787 --- [main] h.s.springboot.ApplicationRunnerExample  : foo: false
2020-03-31 11:38:02.539  INFO 46787 --- [main] h.s.springboot.ApplicationRunnerExample  : bar: true
2020-03-31 11:38:02.547  INFO 46787 --- [main] h.s.springboot.ApplicationRunnerExample  : Properties: holoman for TEST
2020-03-31 11:38:02.548  INFO 46787 --- [main] h.s.springboot.ApplicationRunnerExample  : age: 13
2020-03-31 11:38:02.549  INFO 46787 --- [main] h.s.springboot.ApplicationRunnerExample  : Session Timeout: PT25S
2020-03-31 11:38:02.550  INFO 46787 --- [main] h.s.springboot.ApplicationRunnerExample  : ============================
2020-03-31 11:38:02.550  INFO 46787 --- [main] h.s.springboot.ApplicationRunnerExample  : hello DEV
2020-03-31 11:38:02.550  INFO 46787 --- [main] h.s.springboot.ApplicationRunnerExample  : holoman for TEST Places
2020-03-31 11:38:02.550  INFO 46787 --- [main] h.s.springboot.ApplicationRunnerExample  : ============================
